<?xml version="1.0" encoding="UTF-8"?>
<!-- Generated by org.testng.reporters.JUnitXMLReporter -->
<testsuite hostname="GINBAKS" ignored="0" name="ApiResponses" tests="7" failures="0" timestamp="16 Jun 2020 09:07:23 GMT" time="363.036" errors="0">
  <testcase name="testApiResponseInvalidCityName" time="0.587" classname="test.API.TestApiResponses"/>
  <testcase name="testApiResponseInvalidKey" time="0.107" classname="test.API.TestApiResponses"/>
  <testcase name="testApiResponseInvalidCityID" time="0.105" classname="test.API.TestApiResponses"/>
  <testcase name="testApiResponseVerifyCityID" time="0.114" classname="test.API.TestApiResponses"/>
  <testcase name="testApiResponseVerifyZipCode" time="0.123" classname="test.API.TestApiResponses"/>
  <testcase name="testApiResponseVerifyCoordinates" time="0.109" classname="test.API.TestApiResponses"/>
  <testcase name="testApiResponseVerifyMultilingualSupport" time="0.104" classname="test.API.TestApiResponses"/>
</testsuite> <!-- ApiResponses -->
