<?xml version="1.0" encoding="UTF-8"?>
<!-- Generated by org.testng.reporters.JUnitXMLReporter -->
<testsuite hostname="GINBAKS" ignored="0" name="testApiResponses" tests="7" failures="0" timestamp="15 Jun 2020 21:52:54 GMT" time="2.728" errors="0">
  <testcase name="testApiResponseInvalidCityName" time="1.964" classname="test.TestApiResponses"/>
  <testcase name="testApiResponseInvalidKey" time="0.115" classname="test.TestApiResponses"/>
  <testcase name="testApiResponseInvalidCityID" time="0.14" classname="test.TestApiResponses"/>
  <testcase name="testApiResponseVerifyCityID" time="0.116" classname="test.TestApiResponses"/>
  <testcase name="testApiResponseVerifyZipCode" time="0.133" classname="test.TestApiResponses"/>
  <testcase name="testApiResponseVerifyCoordinates" time="0.119" classname="test.TestApiResponses"/>
  <testcase name="testApiResponseVerifyMultilingualSupport" time="0.106" classname="test.TestApiResponses"/>
</testsuite> <!-- testApiResponses -->
