<?xml version="1.0" encoding="UTF-8"?>
<!-- Generated by org.testng.reporters.JUnitXMLReporter -->
<testsuite hostname="GINBAKS" ignored="0" name="testApiKeyGeneration" tests="1" failures="1" timestamp="14 Jun 2020 14:49:48 GMT" time="7.795" errors="0">
  <testcase name="testApiKeysGeneration" time="0.0" classname="test.TestApiKeyGeneration">
    <failure type="org.testng.TestNGException" message="
Parameter &amp;apos;filePath&amp;apos; is required by @Test on method testApiKeysGeneration but has not been marked @Optional or defined
in C:\Users\Gintare\Documents\GitHub\openweathermap-automation\openweathermap-automation\src\test\java\testSuites\TestApiResponseScheme.xml">
      <![CDATA[org.testng.TestNGException: 
Parameter 'filePath' is required by @Test on method testApiKeysGeneration but has not been marked @Optional or defined
in C:\Users\Gintare\Documents\GitHub\openweathermap-automation\openweathermap-automation\src\test\java\testSuites\TestApiResponseScheme.xml
... Removed 24 stack frames]]>
    </failure>
  </testcase> <!-- testApiKeysGeneration -->
</testsuite> <!-- testApiKeyGeneration -->
