<?xml version="1.0" encoding="UTF-8"?>
<!-- Generated by org.testng.reporters.JUnitXMLReporter -->
<testsuite hostname="GINBAKS" ignored="0" name="ApiResponses" tests="7" failures="0" timestamp="16 Jun 2020 17:44:15 GMT" time="722.644" errors="0">
  <testcase name="testApiResponseInvalidCityName" time="0.472" classname="test.API.TestApiResponses"/>
  <testcase name="testApiResponseInvalidKey" time="0.106" classname="test.API.TestApiResponses"/>
  <testcase name="testApiResponseInvalidCityID" time="0.121" classname="test.API.TestApiResponses"/>
  <testcase name="testApiResponseVerifyCityID" time="0.11" classname="test.API.TestApiResponses"/>
  <testcase name="testApiResponseZipCode" time="0.134" classname="test.API.TestApiResponses"/>
  <testcase name="testApiCallByCoordinates" time="0.121" classname="test.API.TestApiResponses"/>
  <testcase name="testApiResponseVerifyMultilingualSupport" time="0.125" classname="test.API.TestApiResponses"/>
</testsuite> <!-- ApiResponses -->
