<?xml version="1.0" encoding="UTF-8"?>
<!-- Generated by org.testng.reporters.JUnitXMLReporter -->
<testsuite hostname="GINBAKS" ignored="0" name="ApiResponses" tests="7" failures="0" timestamp="16 Jun 2020 09:31:21 GMT" time="722.188" errors="0">
  <testcase name="@BeforeClass preconditions" time="722.17" classname="test.API.TestApiResponses">
    <failure type="org.awaitility.core.ConditionTimeoutException" message="Condition with lambda expression in test.API.AbstractApiTest that uses java.lang.String was not fulfilled within 12 minutes.">
      <![CDATA[org.awaitility.core.ConditionTimeoutException: Condition with lambda expression in test.API.AbstractApiTest that uses java.lang.String was not fulfilled within 12 minutes.
at org.awaitility.core.ConditionAwaiter.await(ConditionAwaiter.java:136)
at org.awaitility.core.CallableCondition.await(CallableCondition.java:79)
at org.awaitility.core.CallableCondition.await(CallableCondition.java:27)
at org.awaitility.core.ConditionFactory.until(ConditionFactory.java:840)
at org.awaitility.core.ConditionFactory.until(ConditionFactory.java:802)
at test.API.AbstractApiTest.waitForApiKeyActivation(AbstractApiTest.java:28)
at test.API.TestApiResponses.preconditions(TestApiResponses.java:22)
... Removed 27 stack frames]]>
    </failure>
  </testcase> <!-- @BeforeClass preconditions -->
  <testcase name="testApiResponseInvalidCityName" time="0.0" classname="test.API.TestApiResponses">
    <skipped/>
  </testcase> <!-- testApiResponseInvalidCityName -->
  <testcase name="testApiResponseInvalidKey" time="0.0" classname="test.API.TestApiResponses">
    <skipped/>
  </testcase> <!-- testApiResponseInvalidKey -->
  <testcase name="testApiResponseInvalidCityID" time="0.0" classname="test.API.TestApiResponses">
    <skipped/>
  </testcase> <!-- testApiResponseInvalidCityID -->
  <testcase name="testApiResponseVerifyCityID" time="0.0" classname="test.API.TestApiResponses">
    <skipped/>
  </testcase> <!-- testApiResponseVerifyCityID -->
  <testcase name="testApiResponseVerifyZipCode" time="0.0" classname="test.API.TestApiResponses">
    <skipped/>
  </testcase> <!-- testApiResponseVerifyZipCode -->
  <testcase name="testApiResponseVerifyCoordinates" time="0.0" classname="test.API.TestApiResponses">
    <skipped/>
  </testcase> <!-- testApiResponseVerifyCoordinates -->
  <testcase name="testApiResponseVerifyMultilingualSupport" time="0.0" classname="test.API.TestApiResponses">
    <skipped/>
  </testcase> <!-- testApiResponseVerifyMultilingualSupport -->
</testsuite> <!-- ApiResponses -->
