<?xml version="1.0" encoding="UTF-8"?>
<!-- Generated by org.testng.reporters.JUnitXMLReporter -->
<testsuite hostname="GINBAKS" ignored="0" name="testApiResponses" tests="7" failures="0" timestamp="15 Jun 2020 22:21:45 GMT" time="302.674" errors="0">
  <testcase name="testApiResponseInvalidCityName" time="0.55" classname="test.API.TestApiResponses"/>
  <testcase name="testApiResponseInvalidKey" time="0.11" classname="test.API.TestApiResponses"/>
  <testcase name="testApiResponseInvalidCityID" time="0.108" classname="test.API.TestApiResponses"/>
  <testcase name="testApiResponseVerifyCityID" time="0.12" classname="test.API.TestApiResponses"/>
  <testcase name="testApiResponseVerifyZipCode" time="0.118" classname="test.API.TestApiResponses"/>
  <testcase name="testApiResponseVerifyCoordinates" time="0.106" classname="test.API.TestApiResponses"/>
  <testcase name="testApiResponseVerifyMultilingualSupport" time="0.119" classname="test.API.TestApiResponses"/>
</testsuite> <!-- testApiResponses -->
