<?xml version="1.0" encoding="UTF-8"?>
<testng-results ignored="0" total="9" passed="9" failed="0" skipped="0">
  <reporter-output>
  </reporter-output>
  <suite started-at="2020-06-16T20:50:08Z" name="TestNGsuite" finished-at="2020-06-16T21:02:27Z" duration-ms="738443">
    <groups>
      <group name="UI">
        <method signature="TestApiKeyGeneration.testApiKeysGeneration(java.lang.String, java.lang.String, java.lang.String)[pri:0, instance:test.UI.TestApiKeyGeneration@780cb77]" name="testApiKeysGeneration" class="test.UI.TestApiKeyGeneration"/>
      </group> <!-- UI -->
      <group name="API">
        <method signature="TestApiResponses.testApiCallByCoordinates(java.lang.String, java.lang.String, java.lang.String)[pri:5, instance:test.API.TestApiResponses@4387b79e]" name="testApiCallByCoordinates" class="test.API.TestApiResponses"/>
        <method signature="TestApiResponses.testApiResponseInvalidCityID(java.lang.String)[pri:2, instance:test.API.TestApiResponses@4387b79e]" name="testApiResponseInvalidCityID" class="test.API.TestApiResponses"/>
        <method signature="TestApiResponses.testApiResponseInvalidCityName(java.lang.String)[pri:0, instance:test.API.TestApiResponses@4387b79e]" name="testApiResponseInvalidCityName" class="test.API.TestApiResponses"/>
        <method signature="TestApiResponses.testApiResponseInvalidKey(java.lang.String, java.lang.String)[pri:1, instance:test.API.TestApiResponses@4387b79e]" name="testApiResponseInvalidKey" class="test.API.TestApiResponses"/>
        <method signature="TestApiResponses.testApiResponseVerifyCityID(java.lang.String, java.lang.String)[pri:3, instance:test.API.TestApiResponses@4387b79e]" name="testApiResponseVerifyCityID" class="test.API.TestApiResponses"/>
        <method signature="TestApiResponses.testApiResponseVerifyMultilingualSupport(java.lang.String, java.lang.String, java.lang.String)[pri:6, instance:test.API.TestApiResponses@4387b79e]" name="testApiResponseVerifyMultilingualSupport" class="test.API.TestApiResponses"/>
        <method signature="TestApiResponses.testApiResponseZipCode(java.lang.String, java.lang.String, java.lang.String, java.lang.String)[pri:4, instance:test.API.TestApiResponses@4387b79e]" name="testApiResponseZipCode" class="test.API.TestApiResponses"/>
        <method signature="TestApiResponseScheme.testApiResponseScheme(java.lang.String)[pri:0, instance:test.API.TestApiResponseScheme@501edcf1]" name="testApiResponseScheme" class="test.API.TestApiResponseScheme"/>
      </group> <!-- API -->
    </groups>
    <test started-at="2020-06-16T20:50:08Z" name="ApiKeyGeneration" finished-at="2020-06-16T20:50:23Z" duration-ms="14395">
      <class name="test.UI.TestApiKeyGeneration">
        <test-method is-config="true" signature="setUpDriver()[pri:0, instance:test.UI.TestApiKeyGeneration@780cb77]" started-at="2020-06-16T20:50:08Z" name="setUpDriver" finished-at="2020-06-16T20:50:17Z" duration-ms="8692" status="PASS">
          <reporter-output>
          </reporter-output>
        </test-method> <!-- setUpDriver -->
        <test-method is-config="true" signature="preconditions()[pri:0, instance:test.UI.TestApiKeyGeneration@780cb77]" started-at="2020-06-16T20:50:17Z" name="preconditions" finished-at="2020-06-16T20:50:17Z" duration-ms="21" status="PASS">
          <reporter-output>
          </reporter-output>
        </test-method> <!-- preconditions -->
        <test-method signature="testApiKeysGeneration(java.lang.String, java.lang.String, java.lang.String)[pri:0, instance:test.UI.TestApiKeyGeneration@780cb77]" started-at="2020-06-16T20:50:17Z" name="testApiKeysGeneration" finished-at="2020-06-16T20:50:22Z" duration-ms="4988" status="PASS">
          <params>
            <param index="0">
              <value>
                <![CDATA[gbaksinskaite@gmail.com]]>
              </value>
            </param>
            <param index="1">
              <value>
                <![CDATA[ifJ8g@a9jYe8Qy7]]>
              </value>
            </param>
            <param index="2">
              <value>
                <![CDATA[src/test/java/utilities/ApiKey.txt]]>
              </value>
            </param>
          </params>
          <reporter-output>
          </reporter-output>
        </test-method> <!-- testApiKeysGeneration -->
        <test-method is-config="true" signature="quitDriver()[pri:0, instance:test.UI.TestApiKeyGeneration@780cb77]" started-at="2020-06-16T20:50:22Z" name="quitDriver" finished-at="2020-06-16T20:50:23Z" duration-ms="680" status="PASS">
          <reporter-output>
          </reporter-output>
        </test-method> <!-- quitDriver -->
      </class> <!-- test.UI.TestApiKeyGeneration -->
    </test> <!-- ApiKeyGeneration -->
    <test started-at="2020-06-16T20:50:23Z" name="ApiResponses" finished-at="2020-06-16T21:02:26Z" duration-ms="723445">
      <class name="test.API.TestApiResponses">
        <test-method is-config="true" signature="preconditions(java.lang.String)[pri:0, instance:test.API.TestApiResponses@4387b79e]" started-at="2020-06-16T20:50:23Z" name="preconditions" finished-at="2020-06-16T21:02:25Z" duration-ms="722223" status="PASS">
          <params>
            <param index="0">
              <value>
                <![CDATA[src/test/java/utilities/ApiKey.txt]]>
              </value>
            </param>
          </params>
          <reporter-output>
          </reporter-output>
        </test-method> <!-- preconditions -->
        <test-method signature="testApiResponseInvalidCityName(java.lang.String)[pri:0, instance:test.API.TestApiResponses@4387b79e]" started-at="2020-06-16T21:02:25Z" name="testApiResponseInvalidCityName" finished-at="2020-06-16T21:02:26Z" duration-ms="518" status="PASS">
          <params>
            <param index="0">
              <value>
                <![CDATA[VNO]]>
              </value>
            </param>
          </params>
          <reporter-output>
          </reporter-output>
        </test-method> <!-- testApiResponseInvalidCityName -->
        <test-method signature="testApiResponseInvalidKey(java.lang.String, java.lang.String)[pri:1, instance:test.API.TestApiResponses@4387b79e]" started-at="2020-06-16T21:02:26Z" name="testApiResponseInvalidKey" finished-at="2020-06-16T21:02:26Z" duration-ms="108" status="PASS">
          <params>
            <param index="0">
              <value>
                <![CDATA[Cairns]]>
              </value>
            </param>
            <param index="1">
              <value>
                <![CDATA[60e77d77c29dd5441]]>
              </value>
            </param>
          </params>
          <reporter-output>
          </reporter-output>
        </test-method> <!-- testApiResponseInvalidKey -->
        <test-method signature="testApiResponseInvalidCityID(java.lang.String)[pri:2, instance:test.API.TestApiResponses@4387b79e]" started-at="2020-06-16T21:02:26Z" name="testApiResponseInvalidCityID" finished-at="2020-06-16T21:02:26Z" duration-ms="104" status="PASS">
          <params>
            <param index="0">
              <value>
                <![CDATA[666]]>
              </value>
            </param>
          </params>
          <reporter-output>
          </reporter-output>
        </test-method> <!-- testApiResponseInvalidCityID -->
        <test-method signature="testApiResponseVerifyCityID(java.lang.String, java.lang.String)[pri:3, instance:test.API.TestApiResponses@4387b79e]" started-at="2020-06-16T21:02:26Z" name="testApiResponseVerifyCityID" finished-at="2020-06-16T21:02:26Z" duration-ms="124" status="PASS">
          <params>
            <param index="0">
              <value>
                <![CDATA[2172797]]>
              </value>
            </param>
            <param index="1">
              <value>
                <![CDATA[Cairns]]>
              </value>
            </param>
          </params>
          <reporter-output>
          </reporter-output>
        </test-method> <!-- testApiResponseVerifyCityID -->
        <test-method signature="testApiResponseZipCode(java.lang.String, java.lang.String, java.lang.String, java.lang.String)[pri:4, instance:test.API.TestApiResponses@4387b79e]" started-at="2020-06-16T21:02:26Z" name="testApiResponseZipCode" finished-at="2020-06-16T21:02:26Z" duration-ms="149" status="PASS">
          <params>
            <param index="0">
              <value>
                <![CDATA[94040]]>
              </value>
            </param>
            <param index="1">
              <value>
                <![CDATA[Mountain View]]>
              </value>
            </param>
            <param index="2">
              <value>
                <![CDATA[37.39]]>
              </value>
            </param>
            <param index="3">
              <value>
                <![CDATA[-122.09]]>
              </value>
            </param>
          </params>
          <reporter-output>
          </reporter-output>
        </test-method> <!-- testApiResponseZipCode -->
        <test-method signature="testApiCallByCoordinates(java.lang.String, java.lang.String, java.lang.String)[pri:5, instance:test.API.TestApiResponses@4387b79e]" started-at="2020-06-16T21:02:26Z" name="testApiCallByCoordinates" finished-at="2020-06-16T21:02:26Z" duration-ms="110" status="PASS">
          <params>
            <param index="0">
              <value>
                <![CDATA[24]]>
              </value>
            </param>
            <param index="1">
              <value>
                <![CDATA[54.4]]>
              </value>
            </param>
            <param index="2">
              <value>
                <![CDATA[Alytus]]>
              </value>
            </param>
          </params>
          <reporter-output>
          </reporter-output>
        </test-method> <!-- testApiCallByCoordinates -->
        <test-method signature="testApiResponseVerifyMultilingualSupport(java.lang.String, java.lang.String, java.lang.String)[pri:6, instance:test.API.TestApiResponses@4387b79e]" started-at="2020-06-16T21:02:26Z" name="testApiResponseVerifyMultilingualSupport" finished-at="2020-06-16T21:02:26Z" duration-ms="104" status="PASS">
          <params>
            <param index="0">
              <value>
                <![CDATA[lt]]>
              </value>
            </param>
            <param index="1">
              <value>
                <![CDATA[2172797]]>
              </value>
            </param>
            <param index="2">
              <value>
                <![CDATA[Kernsas]]>
              </value>
            </param>
          </params>
          <reporter-output>
          </reporter-output>
        </test-method> <!-- testApiResponseVerifyMultilingualSupport -->
      </class> <!-- test.API.TestApiResponses -->
    </test> <!-- ApiResponses -->
    <test started-at="2020-06-16T21:02:26Z" name="ApiResponseScheme" finished-at="2020-06-16T21:02:27Z" duration-ms="577">
      <class name="test.API.TestApiResponseScheme">
        <test-method is-config="true" signature="preconditions(java.lang.String)[pri:0, instance:test.API.TestApiResponseScheme@501edcf1]" started-at="2020-06-16T21:02:26Z" name="preconditions" finished-at="2020-06-16T21:02:26Z" duration-ms="1" status="PASS">
          <params>
            <param index="0">
              <value>
                <![CDATA[src/test/java/utilities/ApiKey.txt]]>
              </value>
            </param>
          </params>
          <reporter-output>
          </reporter-output>
        </test-method> <!-- preconditions -->
        <test-method signature="testApiResponseScheme(java.lang.String)[pri:0, instance:test.API.TestApiResponseScheme@501edcf1]" started-at="2020-06-16T21:02:26Z" name="testApiResponseScheme" finished-at="2020-06-16T21:02:27Z" duration-ms="576" status="PASS">
          <params>
            <param index="0">
              <value>
                <![CDATA[1851632]]>
              </value>
            </param>
          </params>
          <reporter-output>
          </reporter-output>
        </test-method> <!-- testApiResponseScheme -->
      </class> <!-- test.API.TestApiResponseScheme -->
    </test> <!-- ApiResponseScheme -->
  </suite> <!-- TestNGsuite -->
</testng-results>
