<?xml version="1.0" encoding="UTF-8"?>
<testng-results ignored="0" total="1" passed="1" failed="0" skipped="0">
  <reporter-output>
  </reporter-output>
  <suite started-at="2020-06-15T09:52:23Z" name="testApiKeyGeneration" finished-at="2020-06-15T09:52:36Z" duration-ms="12746">
    <groups>
      <group name="UI">
        <method signature="TestApiKeyGeneration.testApiKeysGeneration(java.lang.String, java.lang.String, java.lang.String)[pri:0, instance:test.TestApiKeyGeneration@2c34f934]" name="testApiKeysGeneration" class="test.TestApiKeyGeneration"/>
      </group> <!-- UI -->
    </groups>
    <test started-at="2020-06-15T09:52:23Z" name="testApiKeyGeneration" finished-at="2020-06-15T09:52:36Z" duration-ms="12746">
      <class name="test.TestApiKeyGeneration">
        <test-method is-config="true" signature="beforeMethod()[pri:0, instance:test.TestApiKeyGeneration@2c34f934]" started-at="2020-06-15T09:52:23Z" name="beforeMethod" finished-at="2020-06-15T09:52:30Z" duration-ms="6847" status="PASS">
          <reporter-output>
          </reporter-output>
        </test-method> <!-- beforeMethod -->
        <test-method is-config="true" signature="preconditions()[pri:0, instance:test.TestApiKeyGeneration@2c34f934]" started-at="2020-06-15T09:52:30Z" name="preconditions" finished-at="2020-06-15T09:52:30Z" duration-ms="213" status="PASS">
          <reporter-output>
          </reporter-output>
        </test-method> <!-- preconditions -->
        <test-method signature="testApiKeysGeneration(java.lang.String, java.lang.String, java.lang.String)[pri:0, instance:test.TestApiKeyGeneration@2c34f934]" started-at="2020-06-15T09:52:30Z" name="testApiKeysGeneration" finished-at="2020-06-15T09:52:35Z" duration-ms="4538" status="PASS">
          <params>
            <param index="0">
              <value>
                <![CDATA[gbaksinskaite@gmail.com]]>
              </value>
            </param>
            <param index="1">
              <value>
                <![CDATA[ifJ8g@a9jYe8Qy7]]>
              </value>
            </param>
            <param index="2">
              <value>
                <![CDATA[src/test/java/utilities/ApiKey.txt]]>
              </value>
            </param>
          </params>
          <reporter-output>
          </reporter-output>
        </test-method> <!-- testApiKeysGeneration -->
        <test-method is-config="true" signature="afterMethod()[pri:0, instance:test.TestApiKeyGeneration@2c34f934]" started-at="2020-06-15T09:52:35Z" name="afterMethod" finished-at="2020-06-15T09:52:36Z" duration-ms="1115" status="PASS">
          <reporter-output>
          </reporter-output>
        </test-method> <!-- afterMethod -->
      </class> <!-- test.TestApiKeyGeneration -->
    </test> <!-- testApiKeyGeneration -->
  </suite> <!-- testApiKeyGeneration -->
</testng-results>
