<?xml version="1.0" encoding="UTF-8"?>
<!-- Generated by org.testng.reporters.JUnitXMLReporter -->
<testsuite hostname="GINBAKS" ignored="0" name="ApiResponseScheme" tests="1" failures="1" timestamp="16 Jun 2020 19:16:56 GMT" time="1.771" errors="0">
  <testcase name="testApiResponseScheme" time="1.729" classname="test.API.TestApiResponseScheme">
    <failure type="java.lang.IllegalArgumentException" message="Schema to use cannot be null">
      <![CDATA[java.lang.IllegalArgumentException: Schema to use cannot be null
at io.restassured.module.jsv.JsonSchemaValidator.validateSchemaIsNotNull(JsonSchemaValidator.java:270)
at io.restassured.module.jsv.JsonSchemaValidator.access$300(JsonSchemaValidator.java:75)
at io.restassured.module.jsv.JsonSchemaValidator$JsonSchemaValidatorFactory.create(JsonSchemaValidator.java:281)
at io.restassured.module.jsv.JsonSchemaValidator.matchesJsonSchema(JsonSchemaValidator.java:166)
at io.restassured.module.jsv.JsonSchemaValidator.matchesJsonSchemaInClasspath(JsonSchemaValidator.java:117)
at test.API.TestApiResponseScheme.testApiResponseScheme(TestApiResponseScheme.java:31)
... Removed 25 stack frames]]>
    </failure>
  </testcase> <!-- testApiResponseScheme -->
</testsuite> <!-- ApiResponseScheme -->
